[08:31:57] [main/INFO]: Setting user: Player114
[08:31:59] [Client thread/INFO]: LWJGL Version: 2.9.1
[08:32:10] [Client thread/INFO]: Reloading ResourceManager: Default, FMLFileResourcePack:Forge Mod Loader, FMLFileResourcePack:Minecraft Forge, FMLFileResourcePack:Not Enough Items, FMLFileResourcePack:TFCGregTech, FMLFileResourcePack:TerraFirmaCraft, FMLFileResourcePack:GregTech, FMLFileResourcePack:IndustrialCraft 2, FMLFileResourcePack:Maple Lib
[08:32:20] [Sound Library Loader/INFO]: Sound engine started
[08:32:23] [Client thread/INFO]: Created: 1024x1024 textures/blocks-atlas
[08:32:24] [Client thread/INFO]: Created: 1024x1024 textures/items-atlas
[08:32:44] [Client thread/INFO]: Reloading ResourceManager: Default, FMLFileResourcePack:Forge Mod Loader, FMLFileResourcePack:Minecraft Forge, FMLFileResourcePack:Not Enough Items, FMLFileResourcePack:TFCGregTech, FMLFileResourcePack:TerraFirmaCraft, FMLFileResourcePack:GregTech, FMLFileResourcePack:IndustrialCraft 2, FMLFileResourcePack:Maple Lib
[08:32:47] [Client thread/INFO]: Created: 2048x1024 textures/blocks-atlas
[08:32:49] [Client thread/INFO]: Created: 2048x1024 textures/items-atlas
[08:32:50] [Sound Library Loader/INFO]: Sound engine started
[08:50:41] [Server thread/INFO]: Starting integrated minecraft server version 1.7.10
[08:50:41] [Server thread/INFO]: Generating keypair
[08:50:42] [Server thread/INFO]: Preparing start region for level 0
[08:50:43] [Server thread/INFO]: Preparing spawn area: 33%
[08:50:45] [Server thread/INFO]: Changing view distance to 12, from 10
[08:50:45] [Server thread/INFO]: Player114[local:E:c15651d5] logged in with entity id 213 at (-756.9478480655157, 155.38252973620087, -1099.0033521195915)
[08:50:45] [Server thread/INFO]: Player114 joined the game
[08:50:48] [Client thread/INFO]: [CHAT] Welcome to join our Mod develop group:QQ529418824
[08:50:50] [Server thread/WARN]: Can't keep up! Did the system time change, or is the server overloaded? Running 5227ms behind, skipping 104 tick(s)
[08:50:54] [Server thread/INFO]: Saving and pausing game...
[08:50:54] [Server thread/INFO]: Saving chunks for level 'New World'/DEFAULT
[08:50:54] [Server thread/INFO]: Saving chunks for level 'New World'/Nether
[08:50:54] [Server thread/INFO]: Saving chunks for level 'New World'/DEFAULT
[08:51:45] [Client thread/INFO]: Warning: Clientside chunk ticking took 672 ms
[08:51:50] [Server thread/WARN]: Can't keep up! Did the system time change, or is the server overloaded? Running 3187ms behind, skipping 63 tick(s)
[08:51:52] [Client thread/INFO]: Warning: Clientside chunk ticking took 658 ms
[08:51:53] [Client thread/INFO]: Warning: Clientside chunk ticking took 722 ms
[08:51:54] [Client thread/INFO]: Warning: Clientside chunk ticking took 417 ms
[08:51:54] [Client thread/INFO]: Warning: Clientside chunk ticking took 333 ms
[08:51:54] [Client thread/INFO]: Warning: Clientside chunk ticking took 357 ms
[08:52:12] [Client thread/INFO]: Warning: Clientside chunk ticking took 533 ms
[08:52:13] [Client thread/INFO]: Warning: Clientside chunk ticking took 602 ms
[08:52:13] [Client thread/INFO]: Warning: Clientside chunk ticking took 453 ms
[08:52:14] [Client thread/INFO]: Warning: Clientside chunk ticking took 516 ms
[08:52:14] [Client thread/INFO]: Warning: Clientside chunk ticking took 367 ms
[08:52:14] [Server thread/INFO]: Player114 has just earned the achievement [Taking Inventory]
[08:52:15] [Client thread/INFO]: [CHAT] Player114 has just earned the achievement [Taking Inventory]
[08:52:17] [Client thread/INFO]: Warning: Clientside chunk ticking took 278 ms
[08:52:18] [Client thread/INFO]: Warning: Clientside chunk ticking took 176 ms
[08:52:18] [Server thread/WARN]: Can't keep up! Did the system time change, or is the server overloaded? Running 9364ms behind, skipping 187 tick(s)
[08:52:29] [Server thread/INFO]: [Player114: Given [Potion of Night Vision] * 1 to Player114]
[08:52:29] [Client thread/INFO]: [CHAT] Given [Potion of Night Vision] * 1 to Player114
[08:52:32] [Client thread/INFO]: Warning: Clientside chunk ticking took 450 ms
[08:52:35] [Client thread/INFO]: Warning: Clientside chunk ticking took 305 ms
[08:52:35] [Client thread/INFO]: Warning: Clientside chunk ticking took 308 ms
[08:52:49] [Client thread/INFO]: Warning: Clientside chunk ticking took 247 ms
[08:52:56] [Client thread/INFO]: Warning: Clientside chunk ticking took 363 ms
[08:53:04] [Client thread/INFO]: Warning: Clientside chunk ticking took 285 ms
[08:53:08] [Client thread/INFO]: Warning: Clientside chunk ticking took 154 ms
[08:53:10] [Client thread/INFO]: Warning: Clientside chunk ticking took 199 ms
[08:54:22] [Server thread/INFO]: Saving and pausing game...
[08:54:22] [Server thread/INFO]: Saving chunks for level 'New World'/DEFAULT
[08:54:22] [Server thread/INFO]: Saving chunks for level 'New World'/Nether
[08:54:22] [Server thread/INFO]: Saving chunks for level 'New World'/DEFAULT
[08:54:23] [Server thread/INFO]: Stopping server
[08:54:23] [Server thread/INFO]: Saving players
[08:54:23] [Server thread/INFO]: Saving worlds
[08:54:23] [Server thread/INFO]: Saving chunks for level 'New World'/DEFAULT
[08:54:23] [Server thread/INFO]: Saving chunks for level 'New World'/Nether
[08:54:23] [Server thread/INFO]: Saving chunks for level 'New World'/DEFAULT
[08:55:34] [Client thread/INFO]: Stopping!
